Using pre-set license
Built from '2020.3/staging' branch; Version is '2020.3.13f1 (71691879b7f5) revision 7432472'; Using compiler version '192528614'; Build Type 'Release'
OS: 'Windows 10 Home; OS build 19041.1110; Version 2004; 64bit' Language: 'en' Physical Memory: 32569 MB
BatchMode: 1, IsHumanControllingUs: 0, StartBugReporterOnCrash: 0, Is64bit: 1, IsPro: 0

 COMMAND LINE ARGUMENTS:
C:\Users\lucia\2020.3.13f1\Editor\Unity.exe
-adb2
-batchMode
-noUpm
-name
AssetImportWorker0
-projectPath
C:/Users/lucia/UnityGames/CoffeShop
-logFile
Logs/AssetImportWorker0.log
-srvPort
62406
Successfully changed project path to: C:/Users/lucia/UnityGames/CoffeShop
C:/Users/lucia/UnityGames/CoffeShop
Using Asset Import Pipeline V2.
Refreshing native plugins compatible for Editor in 26.30 ms, found 2 plugins.
Preloading 0 native plugins for Editor in 0.00 ms.
Initialize engine version: 2020.3.13f1 (71691879b7f5)
[Subsystems] Discovering subsystems at path C:/Users/lucia/2020.3.13f1/Editor/Data/Resources/UnitySubsystems
[Subsystems] Discovering subsystems at path C:/Users/lucia/UnityGames/CoffeShop/Assets
GfxDevice: creating device client; threaded=0
Direct3D:
    Version:  Direct3D 11.0 [level 11.1]
    Renderer: NVIDIA GeForce RTX 2070 with Max-Q Design (ID=0x1f54)
    Vendor:   
    VRAM:     8031 MB
    Driver:   27.21.14.5720
Initialize mono
Mono path[0] = 'C:/Users/lucia/2020.3.13f1/Editor/Data/Managed'
Mono path[1] = 'C:/Users/lucia/2020.3.13f1/Editor/Data/MonoBleedingEdge/lib/mono/unityjit'
Mono config path = 'C:/Users/lucia/2020.3.13f1/Editor/Data/MonoBleedingEdge/etc'
Using monoOptions --debugger-agent=transport=dt_socket,embedding=1,server=y,suspend=n,address=127.0.0.1:56900
Begin MonoManager ReloadAssembly
Registering precompiled unity dll's ...
Register platform support module: C:/Users/lucia/2020.3.13f1/Editor/Data/PlaybackEngines/WindowsStandaloneSupport/UnityEditor.WindowsStandalone.Extensions.dll
Registered in 0.001581 seconds.
Native extension for WindowsStandalone target not found
Refreshing native plugins compatible for Editor in 25.20 ms, found 2 plugins.
Preloading 0 native plugins for Editor in 0.00 ms.
Mono: successfully reloaded assembly
- Completed reload, in  1.423 seconds
Platform modules already initialized, skipping
Registering precompiled user dll's ...
Registered in 0.003260 seconds.
Begin MonoManager ReloadAssembly
Native extension for WindowsStandalone target not found
Refreshing native plugins compatible for Editor in 0.28 ms, found 2 plugins.
Preloading 0 native plugins for Editor in 0.00 ms.
Mono: successfully reloaded assembly
- Completed reload, in  0.757 seconds
Platform modules already initialized, skipping
========================================================================
Worker process is ready to serve import requests
Launched and connected shader compiler UnityShaderCompiler.exe after 0.04 seconds
Refreshing native plugins compatible for Editor in 0.52 ms, found 2 plugins.
Preloading 0 native plugins for Editor in 0.00 ms.
Unloading 1394 Unused Serialized files (Serialized files now loaded: 0)
System memory in use before: 70.3 MB.
System memory in use after: 70.3 MB.

Unloading 19 unused Assets to reduce memory usage. Loaded Objects now: 1837.
Total: 1.994500 ms (FindLiveObjects: 0.127500 ms CreateObjectMapping: 0.032500 ms MarkObjects: 1.720400 ms  DeleteObjects: 0.113700 ms)

AssetImportParameters requested are different than current active one (requested -> active):
  custom:framework-win-MediaFoundation: 216162199b28c13a410421893ffa2e32 -> 
  custom:video-decoder-ogg-theora: a1e56fd34408186e4bbccfd4996cb3dc -> 
  custom:container-muxer-webm: aa71ff27fc2769a1b78a27578f13a17b -> 
  custom:container-demuxer-webm: 4f35f7cbe854078d1ac9338744f61a02 -> 
  custom:container-demuxer-ogg: 62fdf1f143b41e24485cea50d1cbac27 -> 
  custom:video-encoder-webm-vp8: eb34c28f22e8b96e1ab97ce403110664 -> 
  custom:video-codec-MediaFoundation-h265: 746d11721c4dcdbdad8f713fa42b33f4 -> 
  custom:video-decoder-webm-vp8: 9c59270c3fd7afecdb556c50c9e8de78 -> 
  custom:audio-decoder-ogg-vorbis: bf7c407c2cedff20999df2af8eb42d56 -> 
  custom:audio-encoder-webm-vorbis: bf7c407c2cedff20999df2af8eb42d56 -> 
========================================================================
Received Import Request.
  path: Assets/Modular Sofa FREE/Materials/StandardColorMask.shader
  artifactKey: Guid(053d635016714fc42af4173d1d5bb896) Importer(815301076,1909f56bfc062723c751e8b465ee728b)
Start importing Assets/Modular Sofa FREE/Materials/StandardColorMask.shader using Guid(053d635016714fc42af4173d1d5bb896) Importer(815301076,1909f56bfc062723c751e8b465ee728b)  -> (artifact id: '12e51bf590194dfb1c09e8576d46784c') in 0.021796 seconds 
  Import took 0.023575 seconds .

========================================================================
Received Import Request.
  Time since last request: 382.648987 seconds.
  path: Assets/3Dfrk/Frames with pictures/Materials
  artifactKey: Guid(5715e3b3be20eb54cafb28257f5dfd7d) Importer(815301076,1909f56bfc062723c751e8b465ee728b)
Start importing Assets/3Dfrk/Frames with pictures/Materials using Guid(5715e3b3be20eb54cafb28257f5dfd7d) Importer(815301076,1909f56bfc062723c751e8b465ee728b)  -> (artifact id: '5f5e04ed9cd1dee0856b85368abc0bbf') in 0.003654 seconds 
  Import took 0.007688 seconds .

========================================================================
Received Import Request.
  Time since last request: 0.144760 seconds.
  path: Assets/3Dfrk/Frames with pictures/Materials/Paint_01.mat
  artifactKey: Guid(97923140cb419a1448fee6c0cbe7872e) Importer(815301076,1909f56bfc062723c751e8b465ee728b)
Start importing Assets/3Dfrk/Frames with pictures/Materials/Paint_01.mat using Guid(97923140cb419a1448fee6c0cbe7872e) Importer(815301076,1909f56bfc062723c751e8b465ee728b)  -> (artifact id: '85f0f0d7ef904e44d84a7b6d2078a94b') in 0.080503 seconds 
  Import took 0.082394 seconds .

========================================================================
Received Import Request.
  Time since last request: 0.000449 seconds.
  path: Assets/3Dfrk/Frames with pictures/Materials/Paint_02.mat
  artifactKey: Guid(129d635f36d5e9d4fa3b656a8ef75ceb) Importer(815301076,1909f56bfc062723c751e8b465ee728b)
Start importing Assets/3Dfrk/Frames with pictures/Materials/Paint_02.mat using Guid(129d635f36d5e9d4fa3b656a8ef75ceb) Importer(815301076,1909f56bfc062723c751e8b465ee728b)  -> (artifact id: '7f652093251f893ff2817c245ee55f01') in 0.009140 seconds 
  Import took 0.011109 seconds .

========================================================================
Received Import Request.
  Time since last request: 0.000411 seconds.
  path: Assets/3Dfrk/Frames with pictures/Materials/Paint_06.mat
  artifactKey: Guid(ddc8c45e4ad44ac4b97855d23d3ecdd2) Importer(815301076,1909f56bfc062723c751e8b465ee728b)
Start importing Assets/3Dfrk/Frames with pictures/Materials/Paint_06.mat using Guid(ddc8c45e4ad44ac4b97855d23d3ecdd2) Importer(815301076,1909f56bfc062723c751e8b465ee728b)  -> (artifact id: '3bfc4d54a1f35a2ce58d901fd91f0edb') in 0.011087 seconds 
  Import took 0.013437 seconds .

========================================================================
Received Import Request.
  Time since last request: 0.000458 seconds.
  path: Assets/3Dfrk/Frames with pictures/Materials/Paint_10.mat
  artifactKey: Guid(f5d9b99d4099af548a4914382db262a2) Importer(815301076,1909f56bfc062723c751e8b465ee728b)
Start importing Assets/3Dfrk/Frames with pictures/Materials/Paint_10.mat using Guid(f5d9b99d4099af548a4914382db262a2) Importer(815301076,1909f56bfc062723c751e8b465ee728b)  -> (artifact id: '90144ac7bc61f6e7d3c80014e6d5e5fb') in 0.016779 seconds 
  Import took 0.018845 seconds .

========================================================================
Received Import Request.
  Time since last request: 0.000384 seconds.
  path: Assets/3Dfrk/Frames with pictures/Materials/Paint_09.mat
  artifactKey: Guid(20f382ca5b67580458b454c14e57251e) Importer(815301076,1909f56bfc062723c751e8b465ee728b)
Start importing Assets/3Dfrk/Frames with pictures/Materials/Paint_09.mat using Guid(20f382ca5b67580458b454c14e57251e) Importer(815301076,1909f56bfc062723c751e8b465ee728b)  -> (artifact id: 'fb8fae1622b9a5b805ef5f510c8c4e0d') in 0.031474 seconds 
  Import took 0.034000 seconds .

========================================================================
Received Import Request.
  Time since last request: 0.000504 seconds.
  path: Assets/3Dfrk/Frames with pictures/Materials/Paint_04.mat
  artifactKey: Guid(39801b91c835ba944a3b1c21cecd0fd5) Importer(815301076,1909f56bfc062723c751e8b465ee728b)
Start importing Assets/3Dfrk/Frames with pictures/Materials/Paint_04.mat using Guid(39801b91c835ba944a3b1c21cecd0fd5) Importer(815301076,1909f56bfc062723c751e8b465ee728b)  -> (artifact id: '8075a050d2dbc558309d1580d84a40e7') in 0.010328 seconds 
  Import took 0.012598 seconds .

========================================================================
Received Import Request.
  Time since last request: 0.000446 seconds.
  path: Assets/3Dfrk/Frames with pictures/Materials/Paint_07.mat
  artifactKey: Guid(66b8d2bec15e0104b999d5c7dfb45fdc) Importer(815301076,1909f56bfc062723c751e8b465ee728b)
Start importing Assets/3Dfrk/Frames with pictures/Materials/Paint_07.mat using Guid(66b8d2bec15e0104b999d5c7dfb45fdc) Importer(815301076,1909f56bfc062723c751e8b465ee728b)  -> (artifact id: 'c902fe9a38422ec1d442f393b417480a') in 0.013064 seconds 
  Import took 0.015352 seconds .

========================================================================
Received Import Request.
  Time since last request: 0.000425 seconds.
  path: Assets/3Dfrk/Frames with pictures/Materials/Paint_08.mat
  artifactKey: Guid(c86cb7dd3b68e2a40a6205641e36bf97) Importer(815301076,1909f56bfc062723c751e8b465ee728b)
Start importing Assets/3Dfrk/Frames with pictures/Materials/Paint_08.mat using Guid(c86cb7dd3b68e2a40a6205641e36bf97) Importer(815301076,1909f56bfc062723c751e8b465ee728b)  -> (artifact id: '4c48391713a6da1eb98ce33452922090') in 0.012884 seconds 
  Import took 0.015127 seconds .

========================================================================
Received Import Request.
  Time since last request: 0.000417 seconds.
  path: Assets/3Dfrk/Frames with pictures/Materials/Paint_05.mat
  artifactKey: Guid(8125ef854c31e6447b60f45d7262f058) Importer(815301076,1909f56bfc062723c751e8b465ee728b)
Start importing Assets/3Dfrk/Frames with pictures/Materials/Paint_05.mat using Guid(8125ef854c31e6447b60f45d7262f058) Importer(815301076,1909f56bfc062723c751e8b465ee728b)  -> (artifact id: '1143abc7cac30dd5c9ade61753664a60') in 0.012228 seconds 
  Import took 0.014107 seconds .

========================================================================
Received Import Request.
  Time since last request: 0.000371 seconds.
  path: Assets/3Dfrk/Frames with pictures/Materials/Paint_03.mat
  artifactKey: Guid(ee4db12e22efd5f4cb56300fbccda30f) Importer(815301076,1909f56bfc062723c751e8b465ee728b)
Start importing Assets/3Dfrk/Frames with pictures/Materials/Paint_03.mat using Guid(ee4db12e22efd5f4cb56300fbccda30f) Importer(815301076,1909f56bfc062723c751e8b465ee728b)  -> (artifact id: 'a1faecd75863d988a444b782c643f926') in 0.010152 seconds 
  Import took 0.012461 seconds .

========================================================================
Received Import Request.
  Time since last request: 3.789530 seconds.
  path: Assets/3Dfrk/Frames with pictures/Meshes/Paint.FBX
  artifactKey: Guid(7ea765cb44447094ab0aef02257cb821) Importer(815301076,1909f56bfc062723c751e8b465ee728b)
Start importing Assets/3Dfrk/Frames with pictures/Meshes/Paint.FBX using Guid(7ea765cb44447094ab0aef02257cb821) Importer(815301076,1909f56bfc062723c751e8b465ee728b)  -> (artifact id: '8cfc43b5dd223d3c519acff2ac2040a0') in 0.068496 seconds 
  Import took 0.070553 seconds .

========================================================================
Received Import Request.
  Time since last request: 73.456062 seconds.
  path: Assets/Modern Minimalist Sofa
  artifactKey: Guid(0da64429e66e61f4cb33f0cf9b4f33f4) Importer(815301076,1909f56bfc062723c751e8b465ee728b)
Start importing Assets/Modern Minimalist Sofa using Guid(0da64429e66e61f4cb33f0cf9b4f33f4) Importer(815301076,1909f56bfc062723c751e8b465ee728b)  -> (artifact id: 'e81f99652738edd70d2efc1f6fe46d2d') in 0.002284 seconds 
  Import took 0.004956 seconds .

========================================================================
Received Import Request.
  Time since last request: 2.285545 seconds.
  path: Assets/Modern Minimalist Sofa/SofaModern_Fabric.prefab
  artifactKey: Guid(90ddae156612a6c4987d61b558651019) Importer(815301076,1909f56bfc062723c751e8b465ee728b)
Start importing Assets/Modern Minimalist Sofa/SofaModern_Fabric.prefab using Guid(90ddae156612a6c4987d61b558651019) Importer(815301076,1909f56bfc062723c751e8b465ee728b)  -> (artifact id: 'b05d849e726988b778080bfe7ba61776') in 0.243115 seconds 
  Import took 0.245402 seconds .

========================================================================
Received Import Request.
  Time since last request: 0.000408 seconds.
  path: Assets/Modern Minimalist Sofa/SofaModern_Leather.prefab
  artifactKey: Guid(3ebdc8ae3219c6142b4309f0806a3628) Importer(815301076,1909f56bfc062723c751e8b465ee728b)
Start importing Assets/Modern Minimalist Sofa/SofaModern_Leather.prefab using Guid(3ebdc8ae3219c6142b4309f0806a3628) Importer(815301076,1909f56bfc062723c751e8b465ee728b)  -> (artifact id: '2fd6038b3d35dfdaa4c515a63a73dda4') in 0.027216 seconds 
  Import took 0.029227 seconds .

========================================================================
Received Import Request.
  Time since last request: 0.014324 seconds.
  path: Assets/Modern Minimalist Sofa/SofaModern_Leather.prefab
  artifactKey: Guid(3ebdc8ae3219c6142b4309f0806a3628) Importer(815301076,1909f56bfc062723c751e8b465ee728b)
Start importing Assets/Modern Minimalist Sofa/SofaModern_Leather.prefab using Guid(3ebdc8ae3219c6142b4309f0806a3628) Importer(815301076,1909f56bfc062723c751e8b465ee728b)  -> (artifact id: '2fd6038b3d35dfdaa4c515a63a73dda4') in 0.013722 seconds 
  Import took 0.016863 seconds .

========================================================================
Received Import Request.
  Time since last request: 2.216667 seconds.
  path: Assets/Modern Minimalist Sofa/DemoScene.unity
  artifactKey: Guid(99c9720ab356a0642a771bea13969a05) Importer(815301076,1909f56bfc062723c751e8b465ee728b)
Start importing Assets/Modern Minimalist Sofa/DemoScene.unity using Guid(99c9720ab356a0642a771bea13969a05) Importer(815301076,1909f56bfc062723c751e8b465ee728b)  -> (artifact id: '98dfe1fdba851ae598945ced52869d4a') in 0.002486 seconds 
  Import took 0.005206 seconds .

========================================================================
Received Prepare
Registering precompiled user dll's ...
Registered in 0.003013 seconds.
Begin MonoManager ReloadAssembly
Native extension for WindowsStandalone target not found
Refreshing native plugins compatible for Editor in 0.28 ms, found 2 plugins.
Preloading 0 native plugins for Editor in 0.00 ms.
Mono: successfully reloaded assembly
- Completed reload, in  0.728 seconds
Platform modules already initialized, skipping
Refreshing native plugins compatible for Editor in 0.33 ms, found 2 plugins.
Preloading 0 native plugins for Editor in 0.00 ms.
Unloading 1388 Unused Serialized files (Serialized files now loaded: 0)
System memory in use before: 74.0 MB.
System memory in use after: 74.1 MB.

Unloading 15 unused Assets to reduce memory usage. Loaded Objects now: 1884.
Total: 2.055100 ms (FindLiveObjects: 0.114800 ms CreateObjectMapping: 0.035600 ms MarkObjects: 1.783200 ms  DeleteObjects: 0.105400 ms)

AssetImportParameters requested are different than current active one (requested -> active):
  custom:framework-win-MediaFoundation: 216162199b28c13a410421893ffa2e32 -> 
  custom:video-decoder-ogg-theora: a1e56fd34408186e4bbccfd4996cb3dc -> 
  custom:container-muxer-webm: aa71ff27fc2769a1b78a27578f13a17b -> 
  custom:container-demuxer-webm: 4f35f7cbe854078d1ac9338744f61a02 -> 
  custom:container-demuxer-ogg: 62fdf1f143b41e24485cea50d1cbac27 -> 
  custom:video-encoder-webm-vp8: eb34c28f22e8b96e1ab97ce403110664 -> 
  custom:video-codec-MediaFoundation-h265: 746d11721c4dcdbdad8f713fa42b33f4 -> 
  custom:video-decoder-webm-vp8: 9c59270c3fd7afecdb556c50c9e8de78 -> 
  custom:audio-decoder-ogg-vorbis: bf7c407c2cedff20999df2af8eb42d56 -> 
  custom:audio-encoder-webm-vorbis: bf7c407c2cedff20999df2af8eb42d56 -> 
========================================================================
Received Prepare
Registering precompiled user dll's ...
Registered in 0.003070 seconds.
Begin MonoManager ReloadAssembly
Native extension for WindowsStandalone target not found
Refreshing native plugins compatible for Editor in 0.30 ms, found 2 plugins.
Preloading 0 native plugins for Editor in 0.00 ms.
Mono: successfully reloaded assembly
- Completed reload, in  0.744 seconds
Platform modules already initialized, skipping
Refreshing native plugins compatible for Editor in 0.30 ms, found 2 plugins.
Preloading 0 native plugins for Editor in 0.00 ms.
Unloading 1388 Unused Serialized files (Serialized files now loaded: 0)
System memory in use before: 74.0 MB.
System memory in use after: 74.1 MB.

Unloading 14 unused Assets to reduce memory usage. Loaded Objects now: 1887.
Total: 1.480700 ms (FindLiveObjects: 0.116900 ms CreateObjectMapping: 0.036700 ms MarkObjects: 1.272100 ms  DeleteObjects: 0.054300 ms)

AssetImportParameters requested are different than current active one (requested -> active):
  custom:framework-win-MediaFoundation: 216162199b28c13a410421893ffa2e32 -> 
  custom:video-decoder-ogg-theora: a1e56fd34408186e4bbccfd4996cb3dc -> 
  custom:container-muxer-webm: aa71ff27fc2769a1b78a27578f13a17b -> 
  custom:container-demuxer-webm: 4f35f7cbe854078d1ac9338744f61a02 -> 
  custom:container-demuxer-ogg: 62fdf1f143b41e24485cea50d1cbac27 -> 
  custom:video-encoder-webm-vp8: eb34c28f22e8b96e1ab97ce403110664 -> 
  custom:video-codec-MediaFoundation-h265: 746d11721c4dcdbdad8f713fa42b33f4 -> 
  custom:video-decoder-webm-vp8: 9c59270c3fd7afecdb556c50c9e8de78 -> 
  custom:audio-decoder-ogg-vorbis: bf7c407c2cedff20999df2af8eb42d56 -> 
  custom:audio-encoder-webm-vorbis: bf7c407c2cedff20999df2af8eb42d56 -> 
AssetImportWorkerClient::OnTransportError - code=2 error=End of file
