Using pre-set license
Built from '2020.3/staging' branch; Version is '2020.3.13f1 (71691879b7f5) revision 7432472'; Using compiler version '192528614'; Build Type 'Release'
OS: 'Windows 10 Home; OS build 19041.1110; Version 2004; 64bit' Language: 'en' Physical Memory: 32569 MB
BatchMode: 1, IsHumanControllingUs: 0, StartBugReporterOnCrash: 0, Is64bit: 1, IsPro: 0

 COMMAND LINE ARGUMENTS:
C:\Users\lucia\2020.3.13f1\Editor\Unity.exe
-adb2
-batchMode
-noUpm
-name
AssetImportWorker0
-projectPath
C:/Users/lucia/UnityGames/11.07
-logFile
Logs/AssetImportWorker0.log
-srvPort
54267
Successfully changed project path to: C:/Users/lucia/UnityGames/11.07
C:/Users/lucia/UnityGames/11.07
Using Asset Import Pipeline V2.
Refreshing native plugins compatible for Editor in 31.10 ms, found 2 plugins.
Preloading 0 native plugins for Editor in 0.00 ms.
Initialize engine version: 2020.3.13f1 (71691879b7f5)
[Subsystems] Discovering subsystems at path C:/Users/lucia/2020.3.13f1/Editor/Data/Resources/UnitySubsystems
[Subsystems] Discovering subsystems at path C:/Users/lucia/UnityGames/11.07/Assets
GfxDevice: creating device client; threaded=0
Direct3D:
    Version:  Direct3D 11.0 [level 11.1]
    Renderer: NVIDIA GeForce RTX 2070 with Max-Q Design (ID=0x1f54)
    Vendor:   
    VRAM:     8031 MB
    Driver:   27.21.14.5720
Initialize mono
Mono path[0] = 'C:/Users/lucia/2020.3.13f1/Editor/Data/Managed'
Mono path[1] = 'C:/Users/lucia/2020.3.13f1/Editor/Data/MonoBleedingEdge/lib/mono/unityjit'
Mono config path = 'C:/Users/lucia/2020.3.13f1/Editor/Data/MonoBleedingEdge/etc'
Using monoOptions --debugger-agent=transport=dt_socket,embedding=1,server=y,suspend=n,address=127.0.0.1:56124
Begin MonoManager ReloadAssembly
Registering precompiled unity dll's ...
Register platform support module: C:/Users/lucia/2020.3.13f1/Editor/Data/PlaybackEngines/WindowsStandaloneSupport/UnityEditor.WindowsStandalone.Extensions.dll
Registered in 0.001900 seconds.
Native extension for WindowsStandalone target not found
Refreshing native plugins compatible for Editor in 27.79 ms, found 2 plugins.
Preloading 0 native plugins for Editor in 0.00 ms.
Mono: successfully reloaded assembly
- Completed reload, in  1.657 seconds
Platform modules already initialized, skipping
Registering precompiled user dll's ...
Registered in 0.005371 seconds.
Begin MonoManager ReloadAssembly
Native extension for WindowsStandalone target not found
Refreshing native plugins compatible for Editor in 0.41 ms, found 2 plugins.
Preloading 0 native plugins for Editor in 0.00 ms.
Mono: successfully reloaded assembly
- Completed reload, in  0.957 seconds
Platform modules already initialized, skipping
========================================================================
Worker process is ready to serve import requests
Launched and connected shader compiler UnityShaderCompiler.exe after 0.04 seconds
Refreshing native plugins compatible for Editor in 0.42 ms, found 2 plugins.
Preloading 0 native plugins for Editor in 0.00 ms.
Unloading 1394 Unused Serialized files (Serialized files now loaded: 0)
System memory in use before: 69.9 MB.
System memory in use after: 69.9 MB.

Unloading 19 unused Assets to reduce memory usage. Loaded Objects now: 1837.
Total: 2.204400 ms (FindLiveObjects: 0.150900 ms CreateObjectMapping: 0.043600 ms MarkObjects: 1.931900 ms  DeleteObjects: 0.077200 ms)

AssetImportParameters requested are different than current active one (requested -> active):
  custom:framework-win-MediaFoundation: 216162199b28c13a410421893ffa2e32 -> 
  custom:video-decoder-ogg-theora: a1e56fd34408186e4bbccfd4996cb3dc -> 
  custom:container-muxer-webm: aa71ff27fc2769a1b78a27578f13a17b -> 
  custom:container-demuxer-webm: 4f35f7cbe854078d1ac9338744f61a02 -> 
  custom:container-demuxer-ogg: 62fdf1f143b41e24485cea50d1cbac27 -> 
  custom:video-encoder-webm-vp8: eb34c28f22e8b96e1ab97ce403110664 -> 
  custom:video-codec-MediaFoundation-h265: 746d11721c4dcdbdad8f713fa42b33f4 -> 
  custom:video-decoder-webm-vp8: 9c59270c3fd7afecdb556c50c9e8de78 -> 
  custom:audio-decoder-ogg-vorbis: bf7c407c2cedff20999df2af8eb42d56 -> 
  custom:audio-encoder-webm-vorbis: bf7c407c2cedff20999df2af8eb42d56 -> 
========================================================================
Received Import Request.
  path: Assets/Prefabs/Plates Stack.prefab
  artifactKey: Guid(dfa35096c595327439ab23918b72de1c) Importer(815301076,1909f56bfc062723c751e8b465ee728b)
Start importing Assets/Prefabs/Plates Stack.prefab using Guid(dfa35096c595327439ab23918b72de1c) Importer(815301076,1909f56bfc062723c751e8b465ee728b)  -> (artifact id: '0647d45e3f2fc92747776dfc967f0d7f') in 0.118191 seconds 
  Import took 0.120355 seconds .

========================================================================
Received Import Request.
  Time since last request: 325.652652 seconds.
  path: Assets/Prefabs/Wood Shelf.prefab
  artifactKey: Guid(0b8d06f1cdc0b3d4296af3ddd4d0e1f1) Importer(815301076,1909f56bfc062723c751e8b465ee728b)
Start importing Assets/Prefabs/Wood Shelf.prefab using Guid(0b8d06f1cdc0b3d4296af3ddd4d0e1f1) Importer(815301076,1909f56bfc062723c751e8b465ee728b)  -> (artifact id: '957ae65c0dd481bd506dfb3f0a3d94a3') in 0.019140 seconds 
  Import took 0.022051 seconds .

========================================================================
Received Import Request.
  Time since last request: 0.005967 seconds.
  path: Assets/Prefabs/Wood Shelf.prefab
  artifactKey: Guid(0b8d06f1cdc0b3d4296af3ddd4d0e1f1) Importer(815301076,1909f56bfc062723c751e8b465ee728b)
Start importing Assets/Prefabs/Wood Shelf.prefab using Guid(0b8d06f1cdc0b3d4296af3ddd4d0e1f1) Importer(815301076,1909f56bfc062723c751e8b465ee728b)  -> (artifact id: '957ae65c0dd481bd506dfb3f0a3d94a3') in 0.012621 seconds 
  Import took 0.016034 seconds .

========================================================================
Received Import Request.
  Time since last request: 166.957552 seconds.
  path: Assets/3Dfrk/Frames with pictures/Textures
  artifactKey: Guid(5efb0cc7165ad544cbe3f896c930d749) Importer(815301076,1909f56bfc062723c751e8b465ee728b)
Start importing Assets/3Dfrk/Frames with pictures/Textures using Guid(5efb0cc7165ad544cbe3f896c930d749) Importer(815301076,1909f56bfc062723c751e8b465ee728b)  -> (artifact id: '67b9a03b612f4b8a6d84be2d8872016d') in 0.005651 seconds 
  Import took 0.008277 seconds .

========================================================================
Received Import Request.
  Time since last request: 6.101484 seconds.
  path: Assets/CoffeeShopStarterPack/Materials
  artifactKey: Guid(36615f0c99aeb4eb79cb65a5e5fe8c10) Importer(815301076,1909f56bfc062723c751e8b465ee728b)
Start importing Assets/CoffeeShopStarterPack/Materials using Guid(36615f0c99aeb4eb79cb65a5e5fe8c10) Importer(815301076,1909f56bfc062723c751e8b465ee728b)  -> (artifact id: '8e6f76d10c396b7cf1070e0836424e31') in 0.003727 seconds 
  Import took 0.006806 seconds .

========================================================================
Received Import Request.
  Time since last request: 656.587664 seconds.
  path: Assets/Prefabs/Sliding Door.prefab
  artifactKey: Guid(aca972cdb8226ed468b1f4d131751ce8) Importer(815301076,1909f56bfc062723c751e8b465ee728b)
Start importing Assets/Prefabs/Sliding Door.prefab using Guid(aca972cdb8226ed468b1f4d131751ce8) Importer(815301076,1909f56bfc062723c751e8b465ee728b)  -> (artifact id: '535cf5d98fe99651a96d80a6d115f59e') in 0.028204 seconds 
  Import took 0.031370 seconds .

========================================================================
Received Import Request.
  Time since last request: 0.002231 seconds.
  path: Assets/Prefabs/Sliding Door.prefab
  artifactKey: Guid(aca972cdb8226ed468b1f4d131751ce8) Importer(815301076,1909f56bfc062723c751e8b465ee728b)
Start importing Assets/Prefabs/Sliding Door.prefab using Guid(aca972cdb8226ed468b1f4d131751ce8) Importer(815301076,1909f56bfc062723c751e8b465ee728b)  -> (artifact id: '535cf5d98fe99651a96d80a6d115f59e') in 0.015537 seconds 
  Import took 0.017784 seconds .

========================================================================
Received Import Request.
  Time since last request: 599.882867 seconds.
  path: Assets/Materials/blackwood 1.mat
  artifactKey: Guid(1e903a5fb469de94e8253bd3908eb494) Importer(815301076,1909f56bfc062723c751e8b465ee728b)
Start importing Assets/Materials/blackwood 1.mat using Guid(1e903a5fb469de94e8253bd3908eb494) Importer(815301076,1909f56bfc062723c751e8b465ee728b)  -> (artifact id: 'e5ec6c74f96293636800001f844c7a12') in 0.041334 seconds 
  Import took 0.046408 seconds .

========================================================================
Received Import Request.
  Time since last request: 18.707270 seconds.
  path: Assets/Materials/New Material.mat
  artifactKey: Guid(a4760be8928477648bff47b207ffb513) Importer(815301076,1909f56bfc062723c751e8b465ee728b)
Start importing Assets/Materials/New Material.mat using Guid(a4760be8928477648bff47b207ffb513) Importer(815301076,1909f56bfc062723c751e8b465ee728b)  -> (artifact id: '45e7f8bf0301023e72f075616039150d') in 0.015928 seconds 
  Import took 0.019328 seconds .

========================================================================
Received Import Request.
  Time since last request: 12.658506 seconds.
  path: Assets/Meshes/Decorative plants/Textures/Bamboo diffuse.tga
  artifactKey: Guid(0195ac67f1c180c4d880e57ff21b1535) Importer(815301076,1909f56bfc062723c751e8b465ee728b)
Start importing Assets/Meshes/Decorative plants/Textures/Bamboo diffuse.tga using Guid(0195ac67f1c180c4d880e57ff21b1535) Importer(815301076,1909f56bfc062723c751e8b465ee728b)  -> (artifact id: 'e0850f8c70aa08288ff2dc457c2281b3') in 0.020797 seconds 
  Import took 0.023775 seconds .

========================================================================
Received Import Request.
  Time since last request: 0.000376 seconds.
  path: Assets/Meshes/Decorative plants/Textures/Bamboo normal.tga
  artifactKey: Guid(ad77cf091ef199a489cb4f233571ae9c) Importer(815301076,1909f56bfc062723c751e8b465ee728b)
Start importing Assets/Meshes/Decorative plants/Textures/Bamboo normal.tga using Guid(ad77cf091ef199a489cb4f233571ae9c) Importer(815301076,1909f56bfc062723c751e8b465ee728b)  -> (artifact id: '58afda9d928b2f98f8b9c9d7d7227730') in 0.020945 seconds 
  Import took 0.025086 seconds .

========================================================================
Received Import Request.
  Time since last request: 0.000511 seconds.
  path: Assets/Meshes/Decorative plants/Textures/Bamboo diffuse.tga
  artifactKey: Guid(0195ac67f1c180c4d880e57ff21b1535) Importer(815301076,1909f56bfc062723c751e8b465ee728b)
Start importing Assets/Meshes/Decorative plants/Textures/Bamboo diffuse.tga using Guid(0195ac67f1c180c4d880e57ff21b1535) Importer(815301076,1909f56bfc062723c751e8b465ee728b)  -> (artifact id: 'e0850f8c70aa08288ff2dc457c2281b3') in 0.014438 seconds 
  Import took 0.017680 seconds .

========================================================================
Received Import Request.
  Time since last request: 0.009235 seconds.
  path: Assets/Meshes/Decorative plants/Textures/Bamboo normal.tga
  artifactKey: Guid(ad77cf091ef199a489cb4f233571ae9c) Importer(815301076,1909f56bfc062723c751e8b465ee728b)
Start importing Assets/Meshes/Decorative plants/Textures/Bamboo normal.tga using Guid(ad77cf091ef199a489cb4f233571ae9c) Importer(815301076,1909f56bfc062723c751e8b465ee728b)  -> (artifact id: '58afda9d928b2f98f8b9c9d7d7227730') in 0.009631 seconds 
  Import took 0.012182 seconds .

========================================================================
Received Import Request.
  Time since last request: 3.253122 seconds.
  path: Assets/Meshes/Decorative plants/Textures/Cover diffuse.tga
  artifactKey: Guid(cee06a39d33cb084ebf1394da488d4db) Importer(815301076,1909f56bfc062723c751e8b465ee728b)
Start importing Assets/Meshes/Decorative plants/Textures/Cover diffuse.tga using Guid(cee06a39d33cb084ebf1394da488d4db) Importer(815301076,1909f56bfc062723c751e8b465ee728b)  -> (artifact id: '3989611fa73cab3ba5dd090bf3dc1638') in 0.007668 seconds 
  Import took 0.010393 seconds .

========================================================================
Received Import Request.
  Time since last request: 0.000395 seconds.
  path: Assets/Meshes/Decorative plants/Textures/Cover normal.tga
  artifactKey: Guid(18bcd9b4d41228747bd2520742ca5a78) Importer(815301076,1909f56bfc062723c751e8b465ee728b)
Start importing Assets/Meshes/Decorative plants/Textures/Cover normal.tga using Guid(18bcd9b4d41228747bd2520742ca5a78) Importer(815301076,1909f56bfc062723c751e8b465ee728b)  -> (artifact id: '0bb4870d9994603471fd88522460ba16') in 0.016050 seconds 
  Import took 0.018920 seconds .

========================================================================
Received Import Request.
  Time since last request: 10.213922 seconds.
  path: Assets/3Dfrk/Frames with pictures/Textures/Paint_01.png
  artifactKey: Guid(9660de3cf62147f45b25e22b6ab97ae2) Importer(815301076,1909f56bfc062723c751e8b465ee728b)
Start importing Assets/3Dfrk/Frames with pictures/Textures/Paint_01.png using Guid(9660de3cf62147f45b25e22b6ab97ae2) Importer(815301076,1909f56bfc062723c751e8b465ee728b)  -> (artifact id: '1c058899c4989b7803664b2ad53d0b42') in 0.038745 seconds 
  Import took 0.040917 seconds .

========================================================================
Received Import Request.
  Time since last request: 0.000394 seconds.
  path: Assets/3Dfrk/Frames with pictures/Textures/Paint_02.png
  artifactKey: Guid(b76c561ffb1a2184f836ef29aaa4c63e) Importer(815301076,1909f56bfc062723c751e8b465ee728b)
Start importing Assets/3Dfrk/Frames with pictures/Textures/Paint_02.png using Guid(b76c561ffb1a2184f836ef29aaa4c63e) Importer(815301076,1909f56bfc062723c751e8b465ee728b)  -> (artifact id: '37df00b7161da00254f49a217685e7b9') in 0.008196 seconds 
  Import took 0.010513 seconds .

========================================================================
Received Import Request.
  Time since last request: 1.614109 seconds.
  path: Assets/3Dfrk/Frames with pictures/Textures/Paint_03.png
  artifactKey: Guid(2755801e92becb945bd57b5cbf77482b) Importer(815301076,1909f56bfc062723c751e8b465ee728b)
Start importing Assets/3Dfrk/Frames with pictures/Textures/Paint_03.png using Guid(2755801e92becb945bd57b5cbf77482b) Importer(815301076,1909f56bfc062723c751e8b465ee728b)  -> (artifact id: '3202b4964dffdecf5d170b9e434fbe45') in 0.013316 seconds 
  Import took 0.016342 seconds .

========================================================================
Received Import Request.
  Time since last request: 0.000385 seconds.
  path: Assets/3Dfrk/Frames with pictures/Textures/Paint_04.png
  artifactKey: Guid(6452a48f5eaab1f4ab43586f35b73c17) Importer(815301076,1909f56bfc062723c751e8b465ee728b)
Start importing Assets/3Dfrk/Frames with pictures/Textures/Paint_04.png using Guid(6452a48f5eaab1f4ab43586f35b73c17) Importer(815301076,1909f56bfc062723c751e8b465ee728b)  -> (artifact id: '13e9d5de77d3b0718c976257c67d7839') in 0.007536 seconds 
  Import took 0.009590 seconds .

========================================================================
Received Import Request.
  Time since last request: 3.333767 seconds.
  path: Assets/3Dfrk/Frames with pictures/Textures/Paint_05.png
  artifactKey: Guid(6608acc403b8e3046ad4c37b1ef48fd0) Importer(815301076,1909f56bfc062723c751e8b465ee728b)
Start importing Assets/3Dfrk/Frames with pictures/Textures/Paint_05.png using Guid(6608acc403b8e3046ad4c37b1ef48fd0) Importer(815301076,1909f56bfc062723c751e8b465ee728b)  -> (artifact id: 'b63c0b93a7be889e8b5289dcd58e0ecd') in 0.019222 seconds 
  Import took 0.024596 seconds .

========================================================================
Received Import Request.
  Time since last request: 0.000534 seconds.
  path: Assets/3Dfrk/Frames with pictures/Textures/Paint_06.png
  artifactKey: Guid(70d022ad94241a94086f65ba40287e3f) Importer(815301076,1909f56bfc062723c751e8b465ee728b)
Start importing Assets/3Dfrk/Frames with pictures/Textures/Paint_06.png using Guid(70d022ad94241a94086f65ba40287e3f) Importer(815301076,1909f56bfc062723c751e8b465ee728b)  -> (artifact id: 'fda0fef05f04ff908bbfbf1ef4d459ed') in 0.012711 seconds 
  Import took 0.015624 seconds .

========================================================================
Received Import Request.
  Time since last request: 0.590497 seconds.
  path: Assets/3Dfrk/Frames with pictures/Textures/Paint_07.png
  artifactKey: Guid(0097a96f14875f541a004c5816f858da) Importer(815301076,1909f56bfc062723c751e8b465ee728b)
Start importing Assets/3Dfrk/Frames with pictures/Textures/Paint_07.png using Guid(0097a96f14875f541a004c5816f858da) Importer(815301076,1909f56bfc062723c751e8b465ee728b)  -> (artifact id: '91fb94866c6db547e0f9cca216a169fc') in 0.031820 seconds 
  Import took 0.039669 seconds .

========================================================================
Received Import Request.
  Time since last request: 0.001219 seconds.
  path: Assets/3Dfrk/Frames with pictures/Textures/Paint_08.png
  artifactKey: Guid(c97f406d11c78464793fb1addeadba6e) Importer(815301076,1909f56bfc062723c751e8b465ee728b)
Start importing Assets/3Dfrk/Frames with pictures/Textures/Paint_08.png using Guid(c97f406d11c78464793fb1addeadba6e) Importer(815301076,1909f56bfc062723c751e8b465ee728b)  -> (artifact id: '6c22c49b2fa4d774c7149fada5f5db9d') in 0.018656 seconds 
  Import took 0.023954 seconds .

========================================================================
Received Import Request.
  Time since last request: 0.328926 seconds.
  path: Assets/3Dfrk/Frames with pictures/Textures/Paint_09.png
  artifactKey: Guid(38fa81545efe11a42b00d7d1e10af0af) Importer(815301076,1909f56bfc062723c751e8b465ee728b)
Start importing Assets/3Dfrk/Frames with pictures/Textures/Paint_09.png using Guid(38fa81545efe11a42b00d7d1e10af0af) Importer(815301076,1909f56bfc062723c751e8b465ee728b)  -> (artifact id: 'c15b35db8bc53a07386363c9f231cd8f') in 0.010011 seconds 
  Import took 0.013045 seconds .

========================================================================
Received Import Request.
  Time since last request: 0.000379 seconds.
  path: Assets/3Dfrk/Frames with pictures/Textures/Paint_10.png
  artifactKey: Guid(19fe3c7d3d5fd664a94be865633843e2) Importer(815301076,1909f56bfc062723c751e8b465ee728b)
Start importing Assets/3Dfrk/Frames with pictures/Textures/Paint_10.png using Guid(19fe3c7d3d5fd664a94be865633843e2) Importer(815301076,1909f56bfc062723c751e8b465ee728b)  -> (artifact id: '5de24a5848ea6d4faf87f901dcb506b3') in 0.010253 seconds 
  Import took 0.012787 seconds .

========================================================================
Received Import Request.
  Time since last request: 0.373077 seconds.
  path: Assets/Meshes/Decorative plants/Textures/Palm diffuse.tga
  artifactKey: Guid(b04788af13e75414d8eafa2cc9e52da4) Importer(815301076,1909f56bfc062723c751e8b465ee728b)
Start importing Assets/Meshes/Decorative plants/Textures/Palm diffuse.tga using Guid(b04788af13e75414d8eafa2cc9e52da4) Importer(815301076,1909f56bfc062723c751e8b465ee728b)  -> (artifact id: 'c4a664a4612f26951cafab6681f91c78') in 0.010105 seconds 
  Import took 0.012134 seconds .

========================================================================
Received Import Request.
  Time since last request: 0.000390 seconds.
  path: Assets/Meshes/Decorative plants/Textures/Palm normal.tga
  artifactKey: Guid(85c8800ca193a824d8f2902967ae01ba) Importer(815301076,1909f56bfc062723c751e8b465ee728b)
Start importing Assets/Meshes/Decorative plants/Textures/Palm normal.tga using Guid(85c8800ca193a824d8f2902967ae01ba) Importer(815301076,1909f56bfc062723c751e8b465ee728b)  -> (artifact id: '658365ac801f1bfd21e5d3c13f3b117d') in 0.008263 seconds 
  Import took 0.011815 seconds .

========================================================================
Received Import Request.
  Time since last request: 0.046155 seconds.
  path: Assets/Meshes/Decorative plants/Textures/Pine diffuse.tga
  artifactKey: Guid(e2e59fd8366de6f41a06c248733ab246) Importer(815301076,1909f56bfc062723c751e8b465ee728b)
Start importing Assets/Meshes/Decorative plants/Textures/Pine diffuse.tga using Guid(e2e59fd8366de6f41a06c248733ab246) Importer(815301076,1909f56bfc062723c751e8b465ee728b)  -> (artifact id: '0fd43e28a08d1074d511dcc5000d0ad3') in 0.008009 seconds 
  Import took 0.010378 seconds .

========================================================================
Received Import Request.
  Time since last request: 0.000341 seconds.
  path: Assets/Meshes/Decorative plants/Textures/Pine normal.tga
  artifactKey: Guid(f102706b6be506549b530e7a9cafe1c1) Importer(815301076,1909f56bfc062723c751e8b465ee728b)
Start importing Assets/Meshes/Decorative plants/Textures/Pine normal.tga using Guid(f102706b6be506549b530e7a9cafe1c1) Importer(815301076,1909f56bfc062723c751e8b465ee728b)  -> (artifact id: 'd40093b993bf1cb021bd3cd3e384929f') in 0.011728 seconds 
  Import took 0.014233 seconds .

========================================================================
Received Import Request.
  Time since last request: 0.325357 seconds.
  path: Assets/Meshes/Decorative plants/Textures/Pot diffuse.tga
  artifactKey: Guid(8e36da382fc724845902197067dea7fe) Importer(815301076,1909f56bfc062723c751e8b465ee728b)
Start importing Assets/Meshes/Decorative plants/Textures/Pot diffuse.tga using Guid(8e36da382fc724845902197067dea7fe) Importer(815301076,1909f56bfc062723c751e8b465ee728b)  -> (artifact id: '03633390fc5ecaac031fa18666901d72') in 0.015861 seconds 
  Import took 0.018360 seconds .

========================================================================
Received Import Request.
  Time since last request: 0.000315 seconds.
  path: Assets/Meshes/Decorative plants/Textures/Pot normal.tga
  artifactKey: Guid(d84dbe1cdb652974d9a009ac77fd33cb) Importer(815301076,1909f56bfc062723c751e8b465ee728b)
Start importing Assets/Meshes/Decorative plants/Textures/Pot normal.tga using Guid(d84dbe1cdb652974d9a009ac77fd33cb) Importer(815301076,1909f56bfc062723c751e8b465ee728b)  -> (artifact id: '0c3232da06ed7f10d99372782707be00') in 0.009727 seconds 
  Import took 0.012759 seconds .

========================================================================
Received Import Request.
  Time since last request: 10.438759 seconds.
  path: Assets/Meshes/Decorative plants/Textures/Shrub diffuse.tga
  artifactKey: Guid(93a3c92dca7388a4baa5fef2e28efdce) Importer(815301076,1909f56bfc062723c751e8b465ee728b)
Start importing Assets/Meshes/Decorative plants/Textures/Shrub diffuse.tga using Guid(93a3c92dca7388a4baa5fef2e28efdce) Importer(815301076,1909f56bfc062723c751e8b465ee728b)  -> (artifact id: '0c56160ecf4a61d850e60ce30554813e') in 0.012827 seconds 
  Import took 0.015548 seconds .

========================================================================
Received Import Request.
  Time since last request: 0.000394 seconds.
  path: Assets/Meshes/Decorative plants/Textures/Shrub normal.tga
  artifactKey: Guid(cd3925797577e2e40aac903a92b30b57) Importer(815301076,1909f56bfc062723c751e8b465ee728b)
Start importing Assets/Meshes/Decorative plants/Textures/Shrub normal.tga using Guid(cd3925797577e2e40aac903a92b30b57) Importer(815301076,1909f56bfc062723c751e8b465ee728b)  -> (artifact id: 'dcd4560f83b5d3daa90ce83e4762cfbc') in 0.008918 seconds 
  Import took 0.011836 seconds .

========================================================================
Received Import Request.
  Time since last request: 4.502343 seconds.
  path: Assets/Meshes/Decorative plants/Textures/Spikes diffuse.tga
  artifactKey: Guid(9207c799b46c67641998d47ca4083393) Importer(815301076,1909f56bfc062723c751e8b465ee728b)
Start importing Assets/Meshes/Decorative plants/Textures/Spikes diffuse.tga using Guid(9207c799b46c67641998d47ca4083393) Importer(815301076,1909f56bfc062723c751e8b465ee728b)  -> (artifact id: 'abf81ec777029e614bf7a1f42ea62819') in 0.011345 seconds 
  Import took 0.013854 seconds .

========================================================================
Received Import Request.
  Time since last request: 0.000365 seconds.
  path: Assets/Meshes/Decorative plants/Textures/Spikes normal.tga
  artifactKey: Guid(edfc13b51aba4074fab9b9a8ec963a0d) Importer(815301076,1909f56bfc062723c751e8b465ee728b)
Start importing Assets/Meshes/Decorative plants/Textures/Spikes normal.tga using Guid(edfc13b51aba4074fab9b9a8ec963a0d) Importer(815301076,1909f56bfc062723c751e8b465ee728b)  -> (artifact id: 'cdffeaf5bc770f74be58bbacc6dc5899') in 0.009031 seconds 
  Import took 0.011187 seconds .

========================================================================
Received Import Request.
  Time since last request: 29.278419 seconds.
  path: Assets/Materials/fridge shelf.mat
  artifactKey: Guid(a4760be8928477648bff47b207ffb513) Importer(815301076,1909f56bfc062723c751e8b465ee728b)
Start importing Assets/Materials/fridge shelf.mat using Guid(a4760be8928477648bff47b207ffb513) Importer(815301076,1909f56bfc062723c751e8b465ee728b)  -> (artifact id: 'ae676492a8b81239753e478795c8f305') in 0.013425 seconds 
  Import took 0.016698 seconds .

========================================================================
Received Import Request.
  Time since last request: 290.783361 seconds.
  path: Assets/Prefabs/Fridge Shelf.prefab
  artifactKey: Guid(0c4c0859015fb7b4696699ee9238351b) Importer(815301076,1909f56bfc062723c751e8b465ee728b)
Start importing Assets/Prefabs/Fridge Shelf.prefab using Guid(0c4c0859015fb7b4696699ee9238351b) Importer(815301076,1909f56bfc062723c751e8b465ee728b)  -> (artifact id: 'f66498942b20097e666525011e64e5e5') in 0.010299 seconds 
  Import took 0.013174 seconds .

========================================================================
Received Import Request.
  Time since last request: 0.008389 seconds.
  path: Assets/Prefabs/Fridge Shelf.prefab
  artifactKey: Guid(0c4c0859015fb7b4696699ee9238351b) Importer(815301076,1909f56bfc062723c751e8b465ee728b)
Start importing Assets/Prefabs/Fridge Shelf.prefab using Guid(0c4c0859015fb7b4696699ee9238351b) Importer(815301076,1909f56bfc062723c751e8b465ee728b)  -> (artifact id: 'f66498942b20097e666525011e64e5e5') in 0.017400 seconds 
  Import took 0.019400 seconds .

========================================================================
Received Import Request.
  Time since last request: 2021.429277 seconds.
  path: Assets/CoffeeShopStarterPack/Prefabs/PW_orangejuice.prefab
  artifactKey: Guid(8b6c44dc7c0ee401e8326e32b669a93c) Importer(815301076,1909f56bfc062723c751e8b465ee728b)
Start importing Assets/CoffeeShopStarterPack/Prefabs/PW_orangejuice.prefab using Guid(8b6c44dc7c0ee401e8326e32b669a93c) Importer(815301076,1909f56bfc062723c751e8b465ee728b)  -> (artifact id: '77a2aa88af5c801bdab744790a4f1559') in 0.011909 seconds 
  Import took 0.014308 seconds .

========================================================================
Received Import Request.
  Time since last request: 3.805708 seconds.
  path: Assets/CoffeeShopStarterPack/Prefabs/PW_orangejuice.prefab
  artifactKey: Guid(8b6c44dc7c0ee401e8326e32b669a93c) Importer(815301076,1909f56bfc062723c751e8b465ee728b)
Start importing Assets/CoffeeShopStarterPack/Prefabs/PW_orangejuice.prefab using Guid(8b6c44dc7c0ee401e8326e32b669a93c) Importer(815301076,1909f56bfc062723c751e8b465ee728b)  -> (artifact id: 'fa6772715ae5185b1cd78264acf0ad25') in 0.017163 seconds 
  Import took 0.019383 seconds .

========================================================================
Received Import Request.
  Time since last request: 305.710902 seconds.
  path: Assets/3Dfrk/Frames with pictures/Meshes
  artifactKey: Guid(e4f035c9d180f3649bf3d9a103b80b72) Importer(815301076,1909f56bfc062723c751e8b465ee728b)
Start importing Assets/3Dfrk/Frames with pictures/Meshes using Guid(e4f035c9d180f3649bf3d9a103b80b72) Importer(815301076,1909f56bfc062723c751e8b465ee728b)  -> (artifact id: 'b8e7ad2cadbb28744bc155c4723f4304') in 0.005410 seconds 
  Import took 0.008532 seconds .

========================================================================
Received Import Request.
  Time since last request: 770.570950 seconds.
  path: Assets/Textures/COFFEBEANS.png
  artifactKey: Guid(1e5e11c66258e184594a39c001b14790) Importer(815301076,1909f56bfc062723c751e8b465ee728b)
Start importing Assets/Textures/COFFEBEANS.png using Guid(1e5e11c66258e184594a39c001b14790) Importer(815301076,1909f56bfc062723c751e8b465ee728b)  -> (artifact id: '06511d3dad6198df1845363d0c8ba4bc') in 0.010826 seconds 
  Import took 0.013939 seconds .

========================================================================
Received Import Request.
  Time since last request: 66.004402 seconds.
  path: Assets/Materials/COFFEBEANS.mat
  artifactKey: Guid(96f67696700c2d24eafb3ac8ad5e5e8b) Importer(815301076,1909f56bfc062723c751e8b465ee728b)
Start importing Assets/Materials/COFFEBEANS.mat using Guid(96f67696700c2d24eafb3ac8ad5e5e8b) Importer(815301076,1909f56bfc062723c751e8b465ee728b)  -> (artifact id: 'c3621d6220d73a0b70ef4fe52bb4ae94') in 0.008760 seconds 
  Import took 0.010822 seconds .

========================================================================
Received Import Request.
  Time since last request: 318.843230 seconds.
  path: Assets/Textures/COFFEBEANS.png
  artifactKey: Guid(1e5e11c66258e184594a39c001b14790) Importer(815301076,1909f56bfc062723c751e8b465ee728b)
Start importing Assets/Textures/COFFEBEANS.png using Guid(1e5e11c66258e184594a39c001b14790) Importer(815301076,1909f56bfc062723c751e8b465ee728b)  -> (artifact id: '014ba9d2bf86e5dc5e643749e19845a8') in 0.008718 seconds 
  Import took 0.011868 seconds .

========================================================================
Received Import Request.
  Time since last request: 103.194666 seconds.
  path: Assets/Prefabs/Coffee Beans Pack.prefab
  artifactKey: Guid(7d7349fcfb84cf745ac0dc5498d14917) Importer(815301076,1909f56bfc062723c751e8b465ee728b)
Start importing Assets/Prefabs/Coffee Beans Pack.prefab using Guid(7d7349fcfb84cf745ac0dc5498d14917) Importer(815301076,1909f56bfc062723c751e8b465ee728b)  -> (artifact id: '825c2bf39a8471294518db696f144251') in 0.010317 seconds 
  Import took 0.012513 seconds .

========================================================================
Received Import Request.
  Time since last request: 0.006099 seconds.
  path: Assets/Prefabs/Coffee Beans Pack.prefab
  artifactKey: Guid(7d7349fcfb84cf745ac0dc5498d14917) Importer(815301076,1909f56bfc062723c751e8b465ee728b)
Start importing Assets/Prefabs/Coffee Beans Pack.prefab using Guid(7d7349fcfb84cf745ac0dc5498d14917) Importer(815301076,1909f56bfc062723c751e8b465ee728b)  -> (artifact id: '825c2bf39a8471294518db696f144251') in 0.010095 seconds 
  Import took 0.012720 seconds .

========================================================================
Received Import Request.
  Time since last request: 848.695724 seconds.
  path: Assets/Prefabs/Coffee Shop.prefab
  artifactKey: Guid(f6826fdb100492a4884b5d00a0a18bf4) Importer(815301076,1909f56bfc062723c751e8b465ee728b)
Start importing Assets/Prefabs/Coffee Shop.prefab using Guid(f6826fdb100492a4884b5d00a0a18bf4) Importer(815301076,1909f56bfc062723c751e8b465ee728b)  -> (artifact id: 'f5489b0efa8752910775e4d10729c3e8') in 0.027276 seconds 
  Import took 0.030317 seconds .

========================================================================
Received Import Request.
  Time since last request: 11.066089 seconds.
  path: Assets/Prefabs/Coffee Shop.prefab
  artifactKey: Guid(f6826fdb100492a4884b5d00a0a18bf4) Importer(815301076,1909f56bfc062723c751e8b465ee728b)
Start importing Assets/Prefabs/Coffee Shop.prefab using Guid(f6826fdb100492a4884b5d00a0a18bf4) Importer(815301076,1909f56bfc062723c751e8b465ee728b)  -> (artifact id: 'aa587e21ab2c7429b0e6c54fc1a6b2d2') in 0.018724 seconds 
  Import took 0.021313 seconds .

========================================================================
Received Import Request.
  Time since last request: 2.194986 seconds.
  path: Assets/Prefabs/Coffee Shop.prefab
  artifactKey: Guid(f6826fdb100492a4884b5d00a0a18bf4) Importer(815301076,1909f56bfc062723c751e8b465ee728b)
Start importing Assets/Prefabs/Coffee Shop.prefab using Guid(f6826fdb100492a4884b5d00a0a18bf4) Importer(815301076,1909f56bfc062723c751e8b465ee728b)  -> (artifact id: 'dd9c4294c3ca788efeec379f9ec3a736') in 0.015470 seconds 
  Import took 0.018233 seconds .

========================================================================
Received Import Request.
  Time since last request: 1.594489 seconds.
  path: Assets/Prefabs/Coffee Shop.prefab
  artifactKey: Guid(f6826fdb100492a4884b5d00a0a18bf4) Importer(815301076,1909f56bfc062723c751e8b465ee728b)
Start importing Assets/Prefabs/Coffee Shop.prefab using Guid(f6826fdb100492a4884b5d00a0a18bf4) Importer(815301076,1909f56bfc062723c751e8b465ee728b)  -> (artifact id: 'dff0b02ee786ca0953bac9ce01b5b2c8') in 0.016572 seconds 
  Import took 0.020267 seconds .

========================================================================
Received Import Request.
  Time since last request: 20.761715 seconds.
  path: Assets/Prefabs/Coffee Shop.prefab
  artifactKey: Guid(f6826fdb100492a4884b5d00a0a18bf4) Importer(815301076,1909f56bfc062723c751e8b465ee728b)
Start importing Assets/Prefabs/Coffee Shop.prefab using Guid(f6826fdb100492a4884b5d00a0a18bf4) Importer(815301076,1909f56bfc062723c751e8b465ee728b)  -> (artifact id: '1f8772b1150e6a02ede0056bb42713a5') in 0.018190 seconds 
  Import took 0.020778 seconds .

========================================================================
Received Import Request.
  Time since last request: 5.634587 seconds.
  path: Assets/Prefabs/Coffee Shop.prefab
  artifactKey: Guid(f6826fdb100492a4884b5d00a0a18bf4) Importer(815301076,1909f56bfc062723c751e8b465ee728b)
Start importing Assets/Prefabs/Coffee Shop.prefab using Guid(f6826fdb100492a4884b5d00a0a18bf4) Importer(815301076,1909f56bfc062723c751e8b465ee728b)  -> (artifact id: '9f6cea425114bdb6966a643a74c0af83') in 0.015750 seconds 
  Import took 0.018405 seconds .

========================================================================
Received Import Request.
  Time since last request: 10.871873 seconds.
  path: Assets/Prefabs/Coffee Shop.prefab
  artifactKey: Guid(f6826fdb100492a4884b5d00a0a18bf4) Importer(815301076,1909f56bfc062723c751e8b465ee728b)
Start importing Assets/Prefabs/Coffee Shop.prefab using Guid(f6826fdb100492a4884b5d00a0a18bf4) Importer(815301076,1909f56bfc062723c751e8b465ee728b)  -> (artifact id: '5a219fa2665f1e849812cb689432ef6a') in 0.018142 seconds 
  Import took 0.020731 seconds .

========================================================================
Received Import Request.
  Time since last request: 2.393324 seconds.
  path: Assets/Prefabs/Coffee Shop.prefab
  artifactKey: Guid(f6826fdb100492a4884b5d00a0a18bf4) Importer(815301076,1909f56bfc062723c751e8b465ee728b)
Start importing Assets/Prefabs/Coffee Shop.prefab using Guid(f6826fdb100492a4884b5d00a0a18bf4) Importer(815301076,1909f56bfc062723c751e8b465ee728b)  -> (artifact id: '9cdadaad21a3b2c4036e35fac36d44cf') in 0.015718 seconds 
  Import took 0.018216 seconds .

========================================================================
Received Import Request.
  Time since last request: 1.394492 seconds.
  path: Assets/Prefabs/Coffee Shop.prefab
  artifactKey: Guid(f6826fdb100492a4884b5d00a0a18bf4) Importer(815301076,1909f56bfc062723c751e8b465ee728b)
Start importing Assets/Prefabs/Coffee Shop.prefab using Guid(f6826fdb100492a4884b5d00a0a18bf4) Importer(815301076,1909f56bfc062723c751e8b465ee728b)  -> (artifact id: '4b1310c0df42a8bbbc0ae9fbd1dafa34') in 0.020227 seconds 
  Import took 0.023335 seconds .

========================================================================
Received Import Request.
  Time since last request: 22.665652 seconds.
  path: Assets/Prefabs/Coffee Shop.prefab
  artifactKey: Guid(f6826fdb100492a4884b5d00a0a18bf4) Importer(815301076,1909f56bfc062723c751e8b465ee728b)
Start importing Assets/Prefabs/Coffee Shop.prefab using Guid(f6826fdb100492a4884b5d00a0a18bf4) Importer(815301076,1909f56bfc062723c751e8b465ee728b)  -> (artifact id: 'd67de33c9e8fcfd4c4b2a16746fb95e1') in 0.018621 seconds 
  Import took 0.021609 seconds .

========================================================================
Received Import Request.
  Time since last request: 6.030884 seconds.
  path: Assets/Prefabs/Coffee Shop.prefab
  artifactKey: Guid(f6826fdb100492a4884b5d00a0a18bf4) Importer(815301076,1909f56bfc062723c751e8b465ee728b)
Start importing Assets/Prefabs/Coffee Shop.prefab using Guid(f6826fdb100492a4884b5d00a0a18bf4) Importer(815301076,1909f56bfc062723c751e8b465ee728b)  -> (artifact id: '6abf0c32960cc3d7e4ac0755dc5c4e84') in 0.018871 seconds 
  Import took 0.021435 seconds .

========================================================================
Received Import Request.
  Time since last request: 5.431246 seconds.
  path: Assets/Prefabs/Coffee Shop.prefab
  artifactKey: Guid(f6826fdb100492a4884b5d00a0a18bf4) Importer(815301076,1909f56bfc062723c751e8b465ee728b)
Start importing Assets/Prefabs/Coffee Shop.prefab using Guid(f6826fdb100492a4884b5d00a0a18bf4) Importer(815301076,1909f56bfc062723c751e8b465ee728b)  -> (artifact id: '9f10866c9053194eca43c4187313d061') in 0.020630 seconds 
  Import took 0.023157 seconds .

========================================================================
Received Import Request.
  Time since last request: 2.190459 seconds.
  path: Assets/Prefabs/Coffee Shop.prefab
  artifactKey: Guid(f6826fdb100492a4884b5d00a0a18bf4) Importer(815301076,1909f56bfc062723c751e8b465ee728b)
Start importing Assets/Prefabs/Coffee Shop.prefab using Guid(f6826fdb100492a4884b5d00a0a18bf4) Importer(815301076,1909f56bfc062723c751e8b465ee728b)  -> (artifact id: '74136f32f020fcb34f1e26f6ec5808e0') in 0.015305 seconds 
  Import took 0.017865 seconds .

========================================================================
Received Import Request.
  Time since last request: 12.297287 seconds.
  path: Assets/Prefabs/Coffee Shop.prefab
  artifactKey: Guid(f6826fdb100492a4884b5d00a0a18bf4) Importer(815301076,1909f56bfc062723c751e8b465ee728b)
Start importing Assets/Prefabs/Coffee Shop.prefab using Guid(f6826fdb100492a4884b5d00a0a18bf4) Importer(815301076,1909f56bfc062723c751e8b465ee728b)  -> (artifact id: '14433fcf011caf3b40bcb2a424a91e24') in 0.017366 seconds 
  Import took 0.019985 seconds .

========================================================================
Received Import Request.
  Time since last request: 11.698854 seconds.
  path: Assets/Prefabs/Coffee Shop.prefab
  artifactKey: Guid(f6826fdb100492a4884b5d00a0a18bf4) Importer(815301076,1909f56bfc062723c751e8b465ee728b)
Start importing Assets/Prefabs/Coffee Shop.prefab using Guid(f6826fdb100492a4884b5d00a0a18bf4) Importer(815301076,1909f56bfc062723c751e8b465ee728b)  -> (artifact id: '6631d5f5ecbdeebaa94dfb1a80983e16') in 0.017554 seconds 
  Import took 0.020420 seconds .

========================================================================
Received Import Request.
  Time since last request: 4.217331 seconds.
  path: Assets/Prefabs/Coffee Shop.prefab
  artifactKey: Guid(f6826fdb100492a4884b5d00a0a18bf4) Importer(815301076,1909f56bfc062723c751e8b465ee728b)
Start importing Assets/Prefabs/Coffee Shop.prefab using Guid(f6826fdb100492a4884b5d00a0a18bf4) Importer(815301076,1909f56bfc062723c751e8b465ee728b)  -> (artifact id: '06547165e36cb83bae93b4e31caf3953') in 0.021775 seconds 
  Import took 0.025175 seconds .

========================================================================
Received Import Request.
  Time since last request: 3.607834 seconds.
  path: Assets/Prefabs/Coffee Shop.prefab
  artifactKey: Guid(f6826fdb100492a4884b5d00a0a18bf4) Importer(815301076,1909f56bfc062723c751e8b465ee728b)
Start importing Assets/Prefabs/Coffee Shop.prefab using Guid(f6826fdb100492a4884b5d00a0a18bf4) Importer(815301076,1909f56bfc062723c751e8b465ee728b)  -> (artifact id: '681f5e70957e6fbfef45328805468852') in 0.016376 seconds 
  Import took 0.019415 seconds .

========================================================================
Received Import Request.
  Time since last request: 3.218545 seconds.
  path: Assets/Prefabs/Coffee Shop.prefab
  artifactKey: Guid(f6826fdb100492a4884b5d00a0a18bf4) Importer(815301076,1909f56bfc062723c751e8b465ee728b)
Start importing Assets/Prefabs/Coffee Shop.prefab using Guid(f6826fdb100492a4884b5d00a0a18bf4) Importer(815301076,1909f56bfc062723c751e8b465ee728b)  -> (artifact id: '2974c8e12fe8e17f8e71084f467f86e2') in 0.015120 seconds 
  Import took 0.017568 seconds .

========================================================================
Received Import Request.
  Time since last request: 12.483419 seconds.
  path: Assets/Prefabs/Coffee Shop.prefab
  artifactKey: Guid(f6826fdb100492a4884b5d00a0a18bf4) Importer(815301076,1909f56bfc062723c751e8b465ee728b)
Start importing Assets/Prefabs/Coffee Shop.prefab using Guid(f6826fdb100492a4884b5d00a0a18bf4) Importer(815301076,1909f56bfc062723c751e8b465ee728b)  -> (artifact id: '4e096850abaf2a15ce3e3e30f76eed69') in 0.017678 seconds 
  Import took 0.020167 seconds .

========================================================================
Received Import Request.
  Time since last request: 6.441334 seconds.
  path: Assets/Prefabs/Coffee Shop.prefab
  artifactKey: Guid(f6826fdb100492a4884b5d00a0a18bf4) Importer(815301076,1909f56bfc062723c751e8b465ee728b)
Start importing Assets/Prefabs/Coffee Shop.prefab using Guid(f6826fdb100492a4884b5d00a0a18bf4) Importer(815301076,1909f56bfc062723c751e8b465ee728b)  -> (artifact id: 'ac0f94c9bd2a23a3d8285028587500b5') in 0.018194 seconds 
  Import took 0.020891 seconds .

========================================================================
Received Import Request.
  Time since last request: 5.221751 seconds.
  path: Assets/Prefabs/Coffee Shop.prefab
  artifactKey: Guid(f6826fdb100492a4884b5d00a0a18bf4) Importer(815301076,1909f56bfc062723c751e8b465ee728b)
Start importing Assets/Prefabs/Coffee Shop.prefab using Guid(f6826fdb100492a4884b5d00a0a18bf4) Importer(815301076,1909f56bfc062723c751e8b465ee728b)  -> (artifact id: '789044db55e87f83e15e1ceb3ad4e87f') in 0.018626 seconds 
  Import took 0.021428 seconds .

========================================================================
Received Import Request.
  Time since last request: 8.038013 seconds.
  path: Assets/Prefabs/Coffee Shop.prefab
  artifactKey: Guid(f6826fdb100492a4884b5d00a0a18bf4) Importer(815301076,1909f56bfc062723c751e8b465ee728b)
Start importing Assets/Prefabs/Coffee Shop.prefab using Guid(f6826fdb100492a4884b5d00a0a18bf4) Importer(815301076,1909f56bfc062723c751e8b465ee728b)  -> (artifact id: 'b9fc243f7e21a0ac1780f53ace45f8a4') in 0.017721 seconds 
  Import took 0.020289 seconds .

========================================================================
Received Import Request.
  Time since last request: 6.430635 seconds.
  path: Assets/Prefabs/Coffee Shop.prefab
  artifactKey: Guid(f6826fdb100492a4884b5d00a0a18bf4) Importer(815301076,1909f56bfc062723c751e8b465ee728b)
Start importing Assets/Prefabs/Coffee Shop.prefab using Guid(f6826fdb100492a4884b5d00a0a18bf4) Importer(815301076,1909f56bfc062723c751e8b465ee728b)  -> (artifact id: 'd3face460c1e967c7022ccd55a32d9dd') in 0.016705 seconds 
  Import took 0.019632 seconds .

========================================================================
Received Import Request.
  Time since last request: 37.487454 seconds.
  path: Assets/Prefabs/Coffee Shop.prefab
  artifactKey: Guid(f6826fdb100492a4884b5d00a0a18bf4) Importer(815301076,1909f56bfc062723c751e8b465ee728b)
Start importing Assets/Prefabs/Coffee Shop.prefab using Guid(f6826fdb100492a4884b5d00a0a18bf4) Importer(815301076,1909f56bfc062723c751e8b465ee728b)  -> (artifact id: '624bf24204b5136dd77a4f4cada49577') in 0.022402 seconds 
  Import took 0.025039 seconds .

========================================================================
Received Import Request.
  Time since last request: 5.421542 seconds.
  path: Assets/Prefabs/Coffee Shop.prefab
  artifactKey: Guid(f6826fdb100492a4884b5d00a0a18bf4) Importer(815301076,1909f56bfc062723c751e8b465ee728b)
Start importing Assets/Prefabs/Coffee Shop.prefab using Guid(f6826fdb100492a4884b5d00a0a18bf4) Importer(815301076,1909f56bfc062723c751e8b465ee728b)  -> (artifact id: '388e4afed61c15052f4a1cf9bb678e20') in 0.015777 seconds 
  Import took 0.018345 seconds .

========================================================================
Received Import Request.
  Time since last request: 3.815816 seconds.
  path: Assets/Prefabs/Coffee Shop.prefab
  artifactKey: Guid(f6826fdb100492a4884b5d00a0a18bf4) Importer(815301076,1909f56bfc062723c751e8b465ee728b)
Start importing Assets/Prefabs/Coffee Shop.prefab using Guid(f6826fdb100492a4884b5d00a0a18bf4) Importer(815301076,1909f56bfc062723c751e8b465ee728b)  -> (artifact id: '065a0409c278702953c7415594e178e0') in 0.017577 seconds 
  Import took 0.020548 seconds .

========================================================================
Received Import Request.
  Time since last request: 123.684403 seconds.
  path: Assets/Prefabs/Coffee Shop.prefab
  artifactKey: Guid(f6826fdb100492a4884b5d00a0a18bf4) Importer(815301076,1909f56bfc062723c751e8b465ee728b)
Start importing Assets/Prefabs/Coffee Shop.prefab using Guid(f6826fdb100492a4884b5d00a0a18bf4) Importer(815301076,1909f56bfc062723c751e8b465ee728b)  -> (artifact id: 'c858439d1bc6bd1c35371faf270cf2d7') in 0.018870 seconds 
  Import took 0.022202 seconds .

========================================================================
Received Import Request.
  Time since last request: 22.774624 seconds.
  path: Assets/Prefabs/Coffee Shop.prefab
  artifactKey: Guid(f6826fdb100492a4884b5d00a0a18bf4) Importer(815301076,1909f56bfc062723c751e8b465ee728b)
Start importing Assets/Prefabs/Coffee Shop.prefab using Guid(f6826fdb100492a4884b5d00a0a18bf4) Importer(815301076,1909f56bfc062723c751e8b465ee728b)  -> (artifact id: '095f3d9e03725593725badecba19cb26') in 0.017164 seconds 
  Import took 0.019747 seconds .

========================================================================
Received Import Request.
  Time since last request: 4.521687 seconds.
  path: Assets/Prefabs/Coffee Shop.prefab
  artifactKey: Guid(f6826fdb100492a4884b5d00a0a18bf4) Importer(815301076,1909f56bfc062723c751e8b465ee728b)
Start importing Assets/Prefabs/Coffee Shop.prefab using Guid(f6826fdb100492a4884b5d00a0a18bf4) Importer(815301076,1909f56bfc062723c751e8b465ee728b)  -> (artifact id: '94b8d31fe5f887894c5dad9d8cde69aa') in 0.015535 seconds 
  Import took 0.018111 seconds .

========================================================================
Received Import Request.
  Time since last request: 3.447809 seconds.
  path: Assets/Prefabs/Coffee Shop.prefab
  artifactKey: Guid(f6826fdb100492a4884b5d00a0a18bf4) Importer(815301076,1909f56bfc062723c751e8b465ee728b)
Start importing Assets/Prefabs/Coffee Shop.prefab using Guid(f6826fdb100492a4884b5d00a0a18bf4) Importer(815301076,1909f56bfc062723c751e8b465ee728b)  -> (artifact id: '696b592fd71730101ffc9e5b5d0c2a04') in 0.015579 seconds 
  Import took 0.018162 seconds .

========================================================================
Received Import Request.
  Time since last request: 3.875153 seconds.
  path: Assets/Prefabs/Coffee Shop.prefab
  artifactKey: Guid(f6826fdb100492a4884b5d00a0a18bf4) Importer(815301076,1909f56bfc062723c751e8b465ee728b)
Start importing Assets/Prefabs/Coffee Shop.prefab using Guid(f6826fdb100492a4884b5d00a0a18bf4) Importer(815301076,1909f56bfc062723c751e8b465ee728b)  -> (artifact id: '54587acdd09cdff5fa1184960e638d2d') in 0.018478 seconds 
  Import took 0.021309 seconds .

========================================================================
Received Import Request.
  Time since last request: 3.928937 seconds.
  path: Assets/Prefabs/Coffee Shop.prefab
  artifactKey: Guid(f6826fdb100492a4884b5d00a0a18bf4) Importer(815301076,1909f56bfc062723c751e8b465ee728b)
Start importing Assets/Prefabs/Coffee Shop.prefab using Guid(f6826fdb100492a4884b5d00a0a18bf4) Importer(815301076,1909f56bfc062723c751e8b465ee728b)  -> (artifact id: '1966e4c6f9bba3f7f829659a816573aa') in 0.015661 seconds 
  Import took 0.018332 seconds .

========================================================================
Received Import Request.
  Time since last request: 6.952130 seconds.
  path: Assets/Prefabs/Coffee Shop.prefab
  artifactKey: Guid(f6826fdb100492a4884b5d00a0a18bf4) Importer(815301076,1909f56bfc062723c751e8b465ee728b)
Start importing Assets/Prefabs/Coffee Shop.prefab using Guid(f6826fdb100492a4884b5d00a0a18bf4) Importer(815301076,1909f56bfc062723c751e8b465ee728b)  -> (artifact id: 'ff1453164716fef4f9e6fa0fac5c407b') in 0.017564 seconds 
  Import took 0.020280 seconds .

========================================================================
Received Import Request.
  Time since last request: 436.901872 seconds.
  path: Assets/LampWall
  artifactKey: Guid(065c8bfa3343d98408dd56ec3731d75a) Importer(815301076,1909f56bfc062723c751e8b465ee728b)
Start importing Assets/LampWall using Guid(065c8bfa3343d98408dd56ec3731d75a) Importer(815301076,1909f56bfc062723c751e8b465ee728b)  -> (artifact id: 'ff2c12c53db0353cc92f4053253dd90f') in 0.002321 seconds 
  Import took 0.005483 seconds .

========================================================================
Received Import Request.
  Time since last request: 1.799763 seconds.
  path: Assets/LampWall/FBX
  artifactKey: Guid(5ebef7d58571a624ebc40b12923f0202) Importer(815301076,1909f56bfc062723c751e8b465ee728b)
Start importing Assets/LampWall/FBX using Guid(5ebef7d58571a624ebc40b12923f0202) Importer(815301076,1909f56bfc062723c751e8b465ee728b)  -> (artifact id: '79ea13c688b5d6df52883dbf0aa36500') in 0.002164 seconds 
  Import took 0.004307 seconds .

========================================================================
Received Import Request.
  Time since last request: 0.136349 seconds.
  path: Assets/LampWall/FBX/lampWall01_.fbx
  artifactKey: Guid(6b08163f3fb501042857418b11411088) Importer(815301076,1909f56bfc062723c751e8b465ee728b)
Start importing Assets/LampWall/FBX/lampWall01_.fbx using Guid(6b08163f3fb501042857418b11411088) Importer(815301076,1909f56bfc062723c751e8b465ee728b)  -> (artifact id: '922ce23803187eca1a02bfb740ba3728') in 0.056461 seconds 
  Import took 0.059038 seconds .

========================================================================
Received Import Request.
  Time since last request: 6.183081 seconds.
  path: Assets/LampWall/Prefab
  artifactKey: Guid(3f6c25f066015f64fa63ba45659e3e90) Importer(815301076,1909f56bfc062723c751e8b465ee728b)
Start importing Assets/LampWall/Prefab using Guid(3f6c25f066015f64fa63ba45659e3e90) Importer(815301076,1909f56bfc062723c751e8b465ee728b)  -> (artifact id: '81a35795d37346139286f79f489059f7') in 0.002319 seconds 
  Import took 0.004243 seconds .

========================================================================
Received Import Request.
  Time since last request: 0.135579 seconds.
  path: Assets/LampWall/Prefab/Lamp_OFF.prefab
  artifactKey: Guid(eb46849557b7317479b1c5c02c5b36ca) Importer(815301076,1909f56bfc062723c751e8b465ee728b)
Start importing Assets/LampWall/Prefab/Lamp_OFF.prefab using Guid(eb46849557b7317479b1c5c02c5b36ca) Importer(815301076,1909f56bfc062723c751e8b465ee728b)  -> (artifact id: '68a32a524f39382a8c09b90d577fbe42') in 0.003611 seconds 
  Import took 0.005595 seconds .

========================================================================
Received Import Request.
  Time since last request: 0.000344 seconds.
  path: Assets/LampWall/Prefab/Lamp_ON.prefab
  artifactKey: Guid(7d5fac0efe938994aba24a88ba9c3057) Importer(815301076,1909f56bfc062723c751e8b465ee728b)
Start importing Assets/LampWall/Prefab/Lamp_ON.prefab using Guid(7d5fac0efe938994aba24a88ba9c3057) Importer(815301076,1909f56bfc062723c751e8b465ee728b)  -> (artifact id: '1cd0efd89fa70770f16f4d758a817cdb') in 0.003451 seconds 
  Import took 0.005443 seconds .

========================================================================
Received Import Request.
  Time since last request: 3.512796 seconds.
  path: Assets/LampWall/Materials
  artifactKey: Guid(0c5ced389ea2a494588d529c9c5679e3) Importer(815301076,1909f56bfc062723c751e8b465ee728b)
Start importing Assets/LampWall/Materials using Guid(0c5ced389ea2a494588d529c9c5679e3) Importer(815301076,1909f56bfc062723c751e8b465ee728b)  -> (artifact id: '33a4d2701eeca25bd77407d36bc3033e') in 0.002010 seconds 
  Import took 0.004158 seconds .

========================================================================
Received Import Request.
  Time since last request: 0.168436 seconds.
  path: Assets/LampWall/Materials/Lamp_OFF.mat
  artifactKey: Guid(8eeaafb386b85614281d8eeed84c2950) Importer(815301076,1909f56bfc062723c751e8b465ee728b)
Start importing Assets/LampWall/Materials/Lamp_OFF.mat using Guid(8eeaafb386b85614281d8eeed84c2950) Importer(815301076,1909f56bfc062723c751e8b465ee728b)  -> (artifact id: 'e7d0dbd99a8861da10f67c911dc4a556') in 0.142252 seconds 
  Import took 0.144745 seconds .

========================================================================
Received Import Request.
  Time since last request: 0.000323 seconds.
  path: Assets/LampWall/Materials/Lamp_ON.mat
  artifactKey: Guid(5bcb6ee56bf29d0499dcb8a88f72d12e) Importer(815301076,1909f56bfc062723c751e8b465ee728b)
Start importing Assets/LampWall/Materials/Lamp_ON.mat using Guid(5bcb6ee56bf29d0499dcb8a88f72d12e) Importer(815301076,1909f56bfc062723c751e8b465ee728b)  -> (artifact id: 'e4bae48b5e2daa1e383d0acc787bf68f') in 0.093113 seconds 
  Import took 0.095038 seconds .

========================================================================
Received Import Request.
  Time since last request: 1.277993 seconds.
  path: Assets/LampWall/Textures
  artifactKey: Guid(add977c4b0b850b47b3e3bc8eefc78dc) Importer(815301076,1909f56bfc062723c751e8b465ee728b)
Start importing Assets/LampWall/Textures using Guid(add977c4b0b850b47b3e3bc8eefc78dc) Importer(815301076,1909f56bfc062723c751e8b465ee728b)  -> (artifact id: 'f9282b0494838fb1500e992b88c6f6ab') in 0.001884 seconds 
  Import took 0.004194 seconds .

========================================================================
Received Import Request.
  Time since last request: 0.116590 seconds.
  path: Assets/LampWall/Textures/lampWall01_phong1_AlbedoTransparency.png
  artifactKey: Guid(d122c9ef1998c864e87276f303e6d399) Importer(815301076,1909f56bfc062723c751e8b465ee728b)
Start importing Assets/LampWall/Textures/lampWall01_phong1_AlbedoTransparency.png using Guid(d122c9ef1998c864e87276f303e6d399) Importer(815301076,1909f56bfc062723c751e8b465ee728b)  -> (artifact id: '5968341976014f26e0f83c16a411e033') in 0.014544 seconds 
  Import took 0.016964 seconds .

========================================================================
Received Import Request.
  Time since last request: 0.000382 seconds.
  path: Assets/LampWall/Textures/lampWall01_phong1_Emission.png
  artifactKey: Guid(57178ac4ac6059a4fa3d1f9ad2707b8c) Importer(815301076,1909f56bfc062723c751e8b465ee728b)
Start importing Assets/LampWall/Textures/lampWall01_phong1_Emission.png using Guid(57178ac4ac6059a4fa3d1f9ad2707b8c) Importer(815301076,1909f56bfc062723c751e8b465ee728b)  -> (artifact id: '182abd398a19264d7a8f0d184bdb292a') in 0.007153 seconds 
  Import took 0.008882 seconds .

========================================================================
Received Import Request.
  Time since last request: 0.000360 seconds.
  path: Assets/LampWall/Textures/lampWall01_phong1_MetallicSmoothness.png
  artifactKey: Guid(b0af8ee5276d6a14793ee622c9ab83b0) Importer(815301076,1909f56bfc062723c751e8b465ee728b)
Start importing Assets/LampWall/Textures/lampWall01_phong1_MetallicSmoothness.png using Guid(b0af8ee5276d6a14793ee622c9ab83b0) Importer(815301076,1909f56bfc062723c751e8b465ee728b)  -> (artifact id: '85cdaf60a738f360e20f7b1d9522e0d8') in 0.006709 seconds 
  Import took 0.008309 seconds .

========================================================================
Received Import Request.
  Time since last request: 327.010110 seconds.
  path: Assets/PBR Lamps Pack Free
  artifactKey: Guid(280f7da3319da294ba50632a8ef97d8e) Importer(815301076,1909f56bfc062723c751e8b465ee728b)
Start importing Assets/PBR Lamps Pack Free using Guid(280f7da3319da294ba50632a8ef97d8e) Importer(815301076,1909f56bfc062723c751e8b465ee728b)  -> (artifact id: '13b213d44156a8b1a5053b3eb194b5be') in 0.002355 seconds 
  Import took 0.004967 seconds .

========================================================================
Received Import Request.
  Time since last request: 1.451792 seconds.
  path: Assets/PBR Lamps Pack Free/Prefabs
  artifactKey: Guid(aacabe983f5454e4684866f302afc7a8) Importer(815301076,1909f56bfc062723c751e8b465ee728b)
Start importing Assets/PBR Lamps Pack Free/Prefabs using Guid(aacabe983f5454e4684866f302afc7a8) Importer(815301076,1909f56bfc062723c751e8b465ee728b)  -> (artifact id: '88617d70279d299330da81ed5a1ac8be') in 0.001948 seconds 
  Import took 0.004060 seconds .

========================================================================
Received Import Request.
  Time since last request: 0.138135 seconds.
  path: Assets/PBR Lamps Pack Free/Prefabs/Classic fluorescent lamp.prefab
  artifactKey: Guid(94e472da99198764cb9d172d651d1b5c) Importer(815301076,1909f56bfc062723c751e8b465ee728b)
Start importing Assets/PBR Lamps Pack Free/Prefabs/Classic fluorescent lamp.prefab using Guid(94e472da99198764cb9d172d651d1b5c) Importer(815301076,1909f56bfc062723c751e8b465ee728b)  -> (artifact id: '782bf7767e08afb0b368d52d4c7c9172') in 0.116314 seconds 
  Import took 0.118774 seconds .

========================================================================
Received Import Request.
  Time since last request: 0.000278 seconds.
  path: Assets/PBR Lamps Pack Free/Prefabs/Small_roof_lamp.prefab
  artifactKey: Guid(b266f4e4ee23ffc45b9b5f47b06e3a89) Importer(815301076,1909f56bfc062723c751e8b465ee728b)
Start importing Assets/PBR Lamps Pack Free/Prefabs/Small_roof_lamp.prefab using Guid(b266f4e4ee23ffc45b9b5f47b06e3a89) Importer(815301076,1909f56bfc062723c751e8b465ee728b)  -> (artifact id: '5a775a3a717cf40cf80529d8f6b20429') in 0.018248 seconds 
  Import took 0.020489 seconds .

========================================================================
Received Import Request.
  Time since last request: 0.000519 seconds.
  path: Assets/PBR Lamps Pack Free/Prefabs/Large_round_lamp.prefab
  artifactKey: Guid(9b2a4f13248ef214b9e14c5bed331a51) Importer(815301076,1909f56bfc062723c751e8b465ee728b)
Start importing Assets/PBR Lamps Pack Free/Prefabs/Large_round_lamp.prefab using Guid(9b2a4f13248ef214b9e14c5bed331a51) Importer(815301076,1909f56bfc062723c751e8b465ee728b)  -> (artifact id: 'e1f3f8bae9838fe3b1e49473c705bc0d') in 0.034767 seconds 
  Import took 0.037407 seconds .

========================================================================
Received Prepare
Registering precompiled user dll's ...
Registered in 0.005589 seconds.
Begin MonoManager ReloadAssembly
Native extension for WindowsStandalone target not found
Refreshing native plugins compatible for Editor in 0.49 ms, found 2 plugins.
Preloading 0 native plugins for Editor in 0.00 ms.
Mono: successfully reloaded assembly
- Completed reload, in  1.314 seconds
Platform modules already initialized, skipping
Refreshing native plugins compatible for Editor in 0.34 ms, found 2 plugins.
Preloading 0 native plugins for Editor in 0.00 ms.
Unloading 1388 Unused Serialized files (Serialized files now loaded: 0)
System memory in use before: 73.9 MB.
System memory in use after: 73.9 MB.

Unloading 15 unused Assets to reduce memory usage. Loaded Objects now: 1891.
Total: 2.455900 ms (FindLiveObjects: 0.164700 ms CreateObjectMapping: 0.062300 ms MarkObjects: 2.103600 ms  DeleteObjects: 0.124300 ms)

AssetImportParameters requested are different than current active one (requested -> active):
  custom:framework-win-MediaFoundation: 216162199b28c13a410421893ffa2e32 -> 
  custom:video-decoder-ogg-theora: a1e56fd34408186e4bbccfd4996cb3dc -> 
  custom:container-muxer-webm: aa71ff27fc2769a1b78a27578f13a17b -> 
  custom:container-demuxer-webm: 4f35f7cbe854078d1ac9338744f61a02 -> 
  custom:container-demuxer-ogg: 62fdf1f143b41e24485cea50d1cbac27 -> 
  custom:video-encoder-webm-vp8: eb34c28f22e8b96e1ab97ce403110664 -> 
  custom:video-codec-MediaFoundation-h265: 746d11721c4dcdbdad8f713fa42b33f4 -> 
  custom:video-decoder-webm-vp8: 9c59270c3fd7afecdb556c50c9e8de78 -> 
  custom:audio-decoder-ogg-vorbis: bf7c407c2cedff20999df2af8eb42d56 -> 
  custom:audio-encoder-webm-vorbis: bf7c407c2cedff20999df2af8eb42d56 -> 
AssetImportWorkerClient::OnTransportError - code=2 error=End of file
